[debug] [2024-04-29T18:58:26.348Z] ----------------------------------------------------------------------
[debug] [2024-04-29T18:58:26.352Z] Command:       C:\Program Files\nodejs\node.exe C:\Users\usuario\AppData\Roaming\npm\node_modules\firebase-tools\lib\bin\firebase.js init
[debug] [2024-04-29T18:58:26.352Z] CLI Version:   13.7.5
[debug] [2024-04-29T18:58:26.353Z] Platform:      win32
[debug] [2024-04-29T18:58:26.353Z] Node Version:  v21.7.0
[debug] [2024-04-29T18:58:26.353Z] Time:          Mon Apr 29 2024 13:58:26 GMT-0500 (hora estándar de Perú)
[debug] [2024-04-29T18:58:26.353Z] ----------------------------------------------------------------------
[debug] 
[debug] [2024-04-29T18:58:26.366Z] > command requires scopes: ["email","openid","https://www.googleapis.com/auth/cloudplatformprojects.readonly","https://www.googleapis.com/auth/firebase","https://www.googleapis.com/auth/cloud-platform"]
[debug] [2024-04-29T18:58:26.366Z] > authorizing via signed-in user (crodrigo7132@gmail.com)
[info] 
     ######## #### ########  ######## ########     ###     ######  ########
     ##        ##  ##     ## ##       ##     ##  ##   ##  ##       ##
     ######    ##  ########  ######   ########  #########  ######  ######
     ##        ##  ##    ##  ##       ##     ## ##     ##       ## ##
     ##       #### ##     ## ######## ########  ##     ##  ######  ########

You're about to initialize a Firebase project in this directory:

  C:\WEB OPEN\Frontend-App-tp

Before we get started, keep in mind:

  * You are currently outside your home directory

